<?xml version="1.0" encoding="UTF-8"?>
<!-- Generated by org.testng.reporters.JUnitXMLReporter -->
<testsuite ignored="0" hostname="Sanjeev-PC" failures="0" tests="3" name="Default test" time="100.738" errors="0" timestamp="2021-02-12T12:07:29 IST">
  <testcase classname="com.practice.learning.TestCases" name="verifyLegalAge" time="4.408"/>
  <testcase classname="com.practice.learning.TestCases" name="verifyLegalAge_GreaterThan18" time="4.493"/>
  <testcase classname="com.practice.learning.TestCases" name="validateNumberOfEmployees" time="27.93"/>
</testsuite> <!-- Default test -->
