<?xml version="1.0" encoding="UTF-8"?>
<!-- Generated by org.testng.reporters.JUnitXMLReporter -->
<testsuite ignored="0" hostname="Sanjeev-PC" failures="0" tests="3" name="Default test" time="104.345" errors="0" timestamp="2021-02-12T20:06:17 IST">
  <testcase classname="com.practice.learning.TestCases" name="verifyLegalAge" time="4.906"/>
  <testcase classname="com.practice.learning.TestCases" name="verifyLegalAge_GreaterThan18" time="4.393"/>
  <testcase classname="com.practice.learning.TestCases" name="validateNumberOfEmployees" time="25.642"/>
</testsuite> <!-- Default test -->
