<?xml version="1.0" encoding="UTF-8"?>
<testng-results ignored="0" total="3" passed="3" failed="0" skipped="0">
  <reporter-output>
  </reporter-output>
  <suite started-at="2021-02-12T20:04:33 IST" name="Default suite" finished-at="2021-02-12T20:06:17 IST" duration-ms="104345">
    <groups>
    </groups>
    <test started-at="2021-02-12T20:04:33 IST" name="Default test" finished-at="2021-02-12T20:06:17 IST" duration-ms="104345">
      <class name="com.practice.learning.TestCases">
        <test-method is-config="true" signature="getDriver()[pri:0, instance:com.practice.learning.TestCases@5ace1ed4]" started-at="2021-02-12T20:04:33 IST" name="getDriver" finished-at="2021-02-12T20:04:51 IST" duration-ms="17867" status="PASS">
          <reporter-output>
          </reporter-output>
        </test-method> <!-- getDriver -->
        <test-method signature="verifyLegalAge()[pri:1, instance:com.practice.learning.TestCases@5ace1ed4]" started-at="2021-02-12T20:04:51 IST" name="verifyLegalAge" finished-at="2021-02-12T20:04:56 IST" duration-ms="4906" status="PASS">
          <reporter-output>
          </reporter-output>
        </test-method> <!-- verifyLegalAge -->
        <test-method is-config="true" signature="tearDown()[pri:0, instance:com.practice.learning.TestCases@5ace1ed4]" started-at="2021-02-12T20:04:56 IST" name="tearDown" finished-at="2021-02-12T20:04:57 IST" duration-ms="1182" status="PASS">
          <reporter-output>
          </reporter-output>
        </test-method> <!-- tearDown -->
        <test-method is-config="true" signature="getDriver()[pri:0, instance:com.practice.learning.TestCases@5ace1ed4]" started-at="2021-02-12T20:04:57 IST" name="getDriver" finished-at="2021-02-12T20:05:08 IST" duration-ms="11510" status="PASS">
          <reporter-output>
          </reporter-output>
        </test-method> <!-- getDriver -->
        <test-method signature="verifyLegalAge_GreaterThan18()[pri:2, instance:com.practice.learning.TestCases@5ace1ed4]" started-at="2021-02-12T20:05:08 IST" name="verifyLegalAge_GreaterThan18" finished-at="2021-02-12T20:05:13 IST" duration-ms="4393" status="PASS">
          <reporter-output>
          </reporter-output>
        </test-method> <!-- verifyLegalAge_GreaterThan18 -->
        <test-method is-config="true" signature="tearDown()[pri:0, instance:com.practice.learning.TestCases@5ace1ed4]" started-at="2021-02-12T20:05:13 IST" name="tearDown" finished-at="2021-02-12T20:05:15 IST" duration-ms="2141" status="PASS">
          <reporter-output>
          </reporter-output>
        </test-method> <!-- tearDown -->
        <test-method is-config="true" signature="getDriver()[pri:0, instance:com.practice.learning.TestCases@5ace1ed4]" started-at="2021-02-12T20:05:15 IST" name="getDriver" finished-at="2021-02-12T20:05:50 IST" duration-ms="35449" status="PASS">
          <reporter-output>
          </reporter-output>
        </test-method> <!-- getDriver -->
        <test-method signature="validateNumberOfEmployees()[pri:3, instance:com.practice.learning.TestCases@5ace1ed4]" started-at="2021-02-12T20:05:50 IST" name="validateNumberOfEmployees" finished-at="2021-02-12T20:06:16 IST" duration-ms="25642" status="PASS">
          <reporter-output>
          </reporter-output>
        </test-method> <!-- validateNumberOfEmployees -->
        <test-method is-config="true" signature="tearDown()[pri:0, instance:com.practice.learning.TestCases@5ace1ed4]" started-at="2021-02-12T20:06:16 IST" name="tearDown" finished-at="2021-02-12T20:06:17 IST" duration-ms="1170" status="PASS">
          <reporter-output>
          </reporter-output>
        </test-method> <!-- tearDown -->
      </class> <!-- com.practice.learning.TestCases -->
    </test> <!-- Default test -->
  </suite> <!-- Default suite -->
</testng-results>
