<?xml version="1.0" encoding="UTF-8"?>
<testng-results ignored="0" total="3" passed="3" failed="0" skipped="0">
  <reporter-output>
  </reporter-output>
  <suite started-at="2021-02-12T12:05:49 IST" name="Default suite" finished-at="2021-02-12T12:07:29 IST" duration-ms="100738">
    <groups>
    </groups>
    <test started-at="2021-02-12T12:05:49 IST" name="Default test" finished-at="2021-02-12T12:07:29 IST" duration-ms="100738">
      <class name="com.practice.learning.TestCases">
        <test-method is-config="true" signature="getDriver()[pri:0, instance:com.practice.learning.TestCases@5ace1ed4]" started-at="2021-02-12T12:05:49 IST" name="getDriver" finished-at="2021-02-12T12:06:21 IST" duration-ms="32461" status="PASS">
          <reporter-output>
          </reporter-output>
        </test-method> <!-- getDriver -->
        <test-method signature="verifyLegalAge()[pri:1, instance:com.practice.learning.TestCases@5ace1ed4]" started-at="2021-02-12T12:06:21 IST" name="verifyLegalAge" finished-at="2021-02-12T12:06:26 IST" duration-ms="4408" status="PASS">
          <reporter-output>
          </reporter-output>
        </test-method> <!-- verifyLegalAge -->
        <test-method is-config="true" signature="tearDown()[pri:0, instance:com.practice.learning.TestCases@5ace1ed4]" started-at="2021-02-12T12:06:26 IST" name="tearDown" finished-at="2021-02-12T12:06:26 IST" duration-ms="750" status="PASS">
          <reporter-output>
          </reporter-output>
        </test-method> <!-- tearDown -->
        <test-method is-config="true" signature="getDriver()[pri:0, instance:com.practice.learning.TestCases@5ace1ed4]" started-at="2021-02-12T12:06:26 IST" name="getDriver" finished-at="2021-02-12T12:06:43 IST" duration-ms="16974" status="PASS">
          <reporter-output>
          </reporter-output>
        </test-method> <!-- getDriver -->
        <test-method signature="verifyLegalAge_GreaterThan18()[pri:2, instance:com.practice.learning.TestCases@5ace1ed4]" started-at="2021-02-12T12:06:43 IST" name="verifyLegalAge_GreaterThan18" finished-at="2021-02-12T12:06:48 IST" duration-ms="4493" status="PASS">
          <reporter-output>
          </reporter-output>
        </test-method> <!-- verifyLegalAge_GreaterThan18 -->
        <test-method is-config="true" signature="tearDown()[pri:0, instance:com.practice.learning.TestCases@5ace1ed4]" started-at="2021-02-12T12:06:48 IST" name="tearDown" finished-at="2021-02-12T12:06:49 IST" duration-ms="772" status="PASS">
          <reporter-output>
          </reporter-output>
        </test-method> <!-- tearDown -->
        <test-method is-config="true" signature="getDriver()[pri:0, instance:com.practice.learning.TestCases@5ace1ed4]" started-at="2021-02-12T12:06:49 IST" name="getDriver" finished-at="2021-02-12T12:06:59 IST" duration-ms="10119" status="PASS">
          <reporter-output>
          </reporter-output>
        </test-method> <!-- getDriver -->
        <test-method signature="validateNumberOfEmployees()[pri:3, instance:com.practice.learning.TestCases@5ace1ed4]" started-at="2021-02-12T12:06:59 IST" name="validateNumberOfEmployees" finished-at="2021-02-12T12:07:27 IST" duration-ms="27930" status="PASS">
          <reporter-output>
          </reporter-output>
        </test-method> <!-- validateNumberOfEmployees -->
        <test-method is-config="true" signature="tearDown()[pri:0, instance:com.practice.learning.TestCases@5ace1ed4]" started-at="2021-02-12T12:07:27 IST" name="tearDown" finished-at="2021-02-12T12:07:29 IST" duration-ms="2738" status="PASS">
          <reporter-output>
          </reporter-output>
        </test-method> <!-- tearDown -->
      </class> <!-- com.practice.learning.TestCases -->
    </test> <!-- Default test -->
  </suite> <!-- Default suite -->
</testng-results>
